==241323== Cachegrind, a cache and branch-prediction profiler
==241323== Copyright (C) 2002-2017, and GNU GPL'd, by Nicholas Nethercote et al.
==241323== Using Valgrind-3.21.0 and LibVEX; rerun with -h for copyright info
==241323== Command: src/tema3_blas input/input_valgrind
==241323== 
--241323-- warning: L3 cache found, using its data for the LL simulation.
==241323== 
==241323== I refs:        249,057,439
==241323== I1  misses:         23,229
==241323== LLi misses:          3,527
==241323== I1  miss rate:        0.01%
==241323== LLi miss rate:        0.00%
==241323== 
==241323== D refs:         94,989,351  (87,644,496 rd   + 7,344,855 wr)
==241323== D1  misses:      1,794,368  ( 1,451,985 rd   +   342,383 wr)
==241323== LLd misses:        160,178  (    11,748 rd   +   148,430 wr)
==241323== D1  miss rate:         1.9% (       1.7%     +       4.7%  )
==241323== LLd miss rate:         0.2% (       0.0%     +       2.0%  )
==241323== 
==241323== LL refs:         1,817,597  ( 1,475,214 rd   +   342,383 wr)
==241323== LL misses:         163,705  (    15,275 rd   +   148,430 wr)
==241323== LL miss rate:          0.0% (       0.0%     +       2.0%  )
==241323== 
==241323== Branches:        5,906,091  ( 5,651,763 cond +   254,328 ind)
==241323== Mispredicts:        68,372  (    67,462 cond +       910 ind)
==241323== Mispred rate:          1.2% (       1.2%     +       0.4%   )
==241324== Cachegrind, a cache and branch-prediction profiler
==241324== Copyright (C) 2002-2017, and GNU GPL'd, by Nicholas Nethercote et al.
==241324== Using Valgrind-3.21.0 and LibVEX; rerun with -h for copyright info
==241324== Command: src/tema3_neopt input/input_valgrind
==241324== 
--241324-- warning: L3 cache found, using its data for the LL simulation.
==241324== 
==241324== I refs:        6,507,824,073
==241324== I1  misses:            1,663
==241324== LLi misses:            1,588
==241324== I1  miss rate:          0.00%
==241324== LLi miss rate:          0.00%
==241324== 
==241324== D refs:        3,299,259,527  (3,156,086,695 rd   + 143,172,832 wr)
==241324== D1  misses:      125,647,946  (  125,406,352 rd   +     241,594 wr)
==241324== LLd misses:          162,776  (       71,676 rd   +      91,100 wr)
==241324== D1  miss rate:           3.8% (          4.0%     +         0.2%  )
==241324== LLd miss rate:           0.0% (          0.0%     +         0.1%  )
==241324== 
==241324== LL refs:         125,649,609  (  125,408,015 rd   +     241,594 wr)
==241324== LL misses:           164,364  (       73,264 rd   +      91,100 wr)
==241324== LL miss rate:            0.0% (          0.0%     +         0.1%  )
==241324== 
==241324== Branches:        144,399,625  (  144,158,957 cond +     240,668 ind)
==241324== Mispredicts:         503,071  (      502,835 cond +         236 ind)
==241324== Mispred rate:            0.3% (          0.3%     +         0.1%   )
==241325== Cachegrind, a cache and branch-prediction profiler
==241325== Copyright (C) 2002-2017, and GNU GPL'd, by Nicholas Nethercote et al.
==241325== Using Valgrind-3.21.0 and LibVEX; rerun with -h for copyright info
==241325== Command: src/tema3_opt_m input/input_valgrind
==241325== 
--241325-- warning: L3 cache found, using its data for the LL simulation.
==241325== 
==241325== I refs:        2,172,770,356
==241325== I1  misses:            1,640
==241325== LLi misses:            1,570
==241325== I1  miss rate:          0.00%
==241325== LLi miss rate:          0.00%
==241325== 
==241325== D refs:          496,427,557  (492,083,863 rd   + 4,343,694 wr)
==241325== D1  misses:      125,853,552  (125,238,853 rd   +   614,699 wr)
==241325== LLd misses:          162,776  (     11,676 rd   +   151,100 wr)
==241325== D1  miss rate:          25.4% (       25.5%     +      14.2%  )
==241325== LLd miss rate:           0.0% (        0.0%     +       3.5%  )
==241325== 
==241325== LL refs:         125,855,192  (125,240,493 rd   +   614,699 wr)
==241325== LL misses:           164,346  (     13,246 rd   +   151,100 wr)
==241325== LL miss rate:            0.0% (        0.0%     +       3.5%  )
==241325== 
==241325== Branches:        144,399,525  (144,158,858 cond +   240,667 ind)
==241325== Mispredicts:         503,044  (    502,808 cond +       236 ind)
==241325== Mispred rate:            0.3% (        0.3%     +       0.1%   )
